2015-08-04 06:49:07.417 ERROR 52864 --- [main] o.s.b.l.LoggingApplicationListener       : Cannot set level: DEGUG for 'null'
2015-08-04 06:49:07.485  INFO 52864 --- [main] org.eclipse.jetty.util.log               : Logging initialized @1210ms
2015-08-04 06:49:07.534  INFO 52864 --- [main] t.a.springboot.controller.HealthCheckIT  : Starting HealthCheckIT on YULC02P60BLG3QN.sea.corp.expecn.com with PID 52864 (/Users/htchepannou/Perso/archetypes/springboot-rest/target/test-classes started by htchepannou in /Users/htchepannou/Perso/archetypes/springboot-rest)
2015-08-04 06:49:07.788  INFO 52864 --- [main] ationConfigEmbeddedWebApplicationContext : Refreshing org.springframework.boot.context.embedded.AnnotationConfigEmbeddedWebApplicationContext@2374d36a: startup date [Tue Aug 04 06:49:07 EDT 2015]; root of context hierarchy
2015-08-04 06:49:08.403  INFO 52864 --- [main] o.s.b.f.s.DefaultListableBeanFactory     : Overriding bean definition for bean 'beanNameViewResolver': replacing [Root bean: class [null]; scope=; abstract=false; lazyInit=false; autowireMode=3; dependencyCheck=0; autowireCandidate=true; primary=false; factoryBeanName=org.springframework.boot.autoconfigure.web.ErrorMvcAutoConfiguration$WhitelabelErrorViewConfiguration; factoryMethodName=beanNameViewResolver; initMethodName=null; destroyMethodName=(inferred); defined in class path resource [org/springframework/boot/autoconfigure/web/ErrorMvcAutoConfiguration$WhitelabelErrorViewConfiguration.class]] with [Root bean: class [null]; scope=; abstract=false; lazyInit=false; autowireMode=3; dependencyCheck=0; autowireCandidate=true; primary=false; factoryBeanName=org.springframework.boot.autoconfigure.web.WebMvcAutoConfiguration$WebMvcAutoConfigurationAdapter; factoryMethodName=beanNameViewResolver; initMethodName=null; destroyMethodName=(inferred); defined in class path resource [org/springframework/boot/autoconfigure/web/WebMvcAutoConfiguration$WebMvcAutoConfigurationAdapter.class]]
2015-08-04 06:49:08.444  INFO 52864 --- [main] o.s.b.f.s.DefaultListableBeanFactory     : Overriding bean definition for bean 'ignoredPathsWebSecurityConfigurerAdapter': replacing [Root bean: class [null]; scope=; abstract=false; lazyInit=false; autowireMode=3; dependencyCheck=0; autowireCandidate=true; primary=false; factoryBeanName=org.springframework.boot.autoconfigure.security.SpringBootWebSecurityConfiguration; factoryMethodName=ignoredPathsWebSecurityConfigurerAdapter; initMethodName=null; destroyMethodName=(inferred); defined in class path resource [org/springframework/boot/autoconfigure/security/SpringBootWebSecurityConfiguration.class]] with [Root bean: class [null]; scope=; abstract=false; lazyInit=false; autowireMode=3; dependencyCheck=0; autowireCandidate=true; primary=false; factoryBeanName=org.springframework.boot.actuate.autoconfigure.ManagementSecurityAutoConfiguration; factoryMethodName=ignoredPathsWebSecurityConfigurerAdapter; initMethodName=null; destroyMethodName=(inferred); defined in class path resource [org/springframework/boot/actuate/autoconfigure/ManagementSecurityAutoConfiguration.class]]
2015-08-04 06:49:08.943  INFO 52864 --- [main] trationDelegate$BeanPostProcessorChecker : Bean 'metricsConfig' of type [class tchepannou.archetypes.springboot.config.MetricsConfig$$EnhancerBySpringCGLIB$$3e609e19] is not eligible for getting processed by all BeanPostProcessors (for example: not eligible for auto-proxying)
2015-08-04 06:49:08.956  INFO 52864 --- [main] trationDelegate$BeanPostProcessorChecker : Bean 'org.springframework.transaction.annotation.ProxyTransactionManagementConfiguration' of type [class org.springframework.transaction.annotation.ProxyTransactionManagementConfiguration$$EnhancerBySpringCGLIB$$1ae09205] is not eligible for getting processed by all BeanPostProcessors (for example: not eligible for auto-proxying)
2015-08-04 06:49:08.974  INFO 52864 --- [main] trationDelegate$BeanPostProcessorChecker : Bean 'transactionAttributeSource' of type [class org.springframework.transaction.annotation.AnnotationTransactionAttributeSource] is not eligible for getting processed by all BeanPostProcessors (for example: not eligible for auto-proxying)
2015-08-04 06:49:08.980  INFO 52864 --- [main] trationDelegate$BeanPostProcessorChecker : Bean 'transactionInterceptor' of type [class org.springframework.transaction.interceptor.TransactionInterceptor] is not eligible for getting processed by all BeanPostProcessors (for example: not eligible for auto-proxying)
2015-08-04 06:49:08.984  INFO 52864 --- [main] trationDelegate$BeanPostProcessorChecker : Bean 'org.springframework.transaction.config.internalTransactionAdvisor' of type [class org.springframework.transaction.interceptor.BeanFactoryTransactionAttributeSourceAdvisor] is not eligible for getting processed by all BeanPostProcessors (for example: not eligible for auto-proxying)
2015-08-04 06:49:08.990  INFO 52864 --- [main] trationDelegate$BeanPostProcessorChecker : Bean 'com.ryantenney.metrics.spring.config.annotation.DelegatingMetricsConfiguration' of type [class com.ryantenney.metrics.spring.config.annotation.DelegatingMetricsConfiguration$$EnhancerBySpringCGLIB$$7cab8740] is not eligible for getting processed by all BeanPostProcessors (for example: not eligible for auto-proxying)
2015-08-04 06:49:09.065  INFO 52864 --- [main] trationDelegate$BeanPostProcessorChecker : Bean 'getMetricRegistry' of type [class com.codahale.metrics.MetricRegistry] is not eligible for getting processed by all BeanPostProcessors (for example: not eligible for auto-proxying)
2015-08-04 06:49:09.087  INFO 52864 --- [main] trationDelegate$BeanPostProcessorChecker : Bean 'getHealthCheckRegistry' of type [class com.codahale.metrics.health.HealthCheckRegistry] is not eligible for getting processed by all BeanPostProcessors (for example: not eligible for auto-proxying)
2015-08-04 06:49:09.344  INFO 52864 --- [main] e.j.JettyEmbeddedServletContainerFactory : Server initialized with port: 8080
2015-08-04 06:49:09.347  INFO 52864 --- [main] org.eclipse.jetty.server.Server          : jetty-9.2.10.v20150310
2015-08-04 06:49:09.455  INFO 52864 --- [main] /                                        : Initializing Spring embedded WebApplicationContext
2015-08-04 06:49:09.455  INFO 52864 --- [main] o.s.web.context.ContextLoader            : Root WebApplicationContext: initialization completed in 1670 ms
2015-08-04 06:49:10.537  INFO 52864 --- [main] o.s.b.a.e.mvc.EndpointHandlerMapping     : Mapped "{[/health]}" onto public java.lang.Object org.springframework.boot.actuate.endpoint.mvc.HealthMvcEndpoint.invoke(java.security.Principal)
2015-08-04 06:49:10.538  INFO 52864 --- [main] o.s.b.a.e.mvc.EndpointHandlerMapping     : Mapped "{[/info],methods=[GET]}" onto public java.lang.Object org.springframework.boot.actuate.endpoint.mvc.EndpointMvcAdapter.invoke()
2015-08-04 06:49:10.538  INFO 52864 --- [main] o.s.b.a.e.mvc.EndpointHandlerMapping     : Mapped "{[/trace],methods=[GET]}" onto public java.lang.Object org.springframework.boot.actuate.endpoint.mvc.EndpointMvcAdapter.invoke()
2015-08-04 06:49:10.539  INFO 52864 --- [main] o.s.b.a.e.mvc.EndpointHandlerMapping     : Mapped "{[/dump],methods=[GET]}" onto public java.lang.Object org.springframework.boot.actuate.endpoint.mvc.EndpointMvcAdapter.invoke()
2015-08-04 06:49:10.539  INFO 52864 --- [main] o.s.b.a.e.mvc.EndpointHandlerMapping     : Mapped "{[/metrics/{name:.*}],methods=[GET]}" onto public java.lang.Object org.springframework.boot.actuate.endpoint.mvc.MetricsMvcEndpoint.value(java.lang.String)
2015-08-04 06:49:10.540  INFO 52864 --- [main] o.s.b.a.e.mvc.EndpointHandlerMapping     : Mapped "{[/metrics],methods=[GET]}" onto public java.lang.Object org.springframework.boot.actuate.endpoint.mvc.EndpointMvcAdapter.invoke()
2015-08-04 06:49:10.540  INFO 52864 --- [main] o.s.b.a.e.mvc.EndpointHandlerMapping     : Mapped "{[/autoconfig],methods=[GET]}" onto public java.lang.Object org.springframework.boot.actuate.endpoint.mvc.EndpointMvcAdapter.invoke()
2015-08-04 06:49:10.540  INFO 52864 --- [main] o.s.b.a.e.mvc.EndpointHandlerMapping     : Mapped "{[/beans],methods=[GET]}" onto public java.lang.Object org.springframework.boot.actuate.endpoint.mvc.EndpointMvcAdapter.invoke()
2015-08-04 06:49:10.541  INFO 52864 --- [main] o.s.b.a.e.mvc.EndpointHandlerMapping     : Mapped "{[/configprops],methods=[GET]}" onto public java.lang.Object org.springframework.boot.actuate.endpoint.mvc.EndpointMvcAdapter.invoke()
2015-08-04 06:49:10.541  INFO 52864 --- [main] o.s.b.a.e.mvc.EndpointHandlerMapping     : Mapped "{[/env/{name:.*}],methods=[GET]}" onto public java.lang.Object org.springframework.boot.actuate.endpoint.mvc.EnvironmentMvcEndpoint.value(java.lang.String)
2015-08-04 06:49:10.542  INFO 52864 --- [main] o.s.b.a.e.mvc.EndpointHandlerMapping     : Mapped "{[/env],methods=[GET]}" onto public java.lang.Object org.springframework.boot.actuate.endpoint.mvc.EndpointMvcAdapter.invoke()
2015-08-04 06:49:10.542  INFO 52864 --- [main] o.s.b.a.e.mvc.EndpointHandlerMapping     : Mapped "{[/mappings],methods=[GET]}" onto public java.lang.Object org.springframework.boot.actuate.endpoint.mvc.EndpointMvcAdapter.invoke()
2015-08-04 06:49:10.639  INFO 52864 --- [main] b.a.s.AuthenticationManagerConfiguration : 

Using default security password: 091087c5-88f6-46f4-8e1d-f8ba3c6608de

2015-08-04 06:49:10.703  INFO 52864 --- [main] o.s.s.web.DefaultSecurityFilterChain     : Creating filter chain: Ant [pattern='/css/**'], []
2015-08-04 06:49:10.703  INFO 52864 --- [main] o.s.s.web.DefaultSecurityFilterChain     : Creating filter chain: Ant [pattern='/js/**'], []
2015-08-04 06:49:10.703  INFO 52864 --- [main] o.s.s.web.DefaultSecurityFilterChain     : Creating filter chain: Ant [pattern='/images/**'], []
2015-08-04 06:49:10.703  INFO 52864 --- [main] o.s.s.web.DefaultSecurityFilterChain     : Creating filter chain: Ant [pattern='/**/favicon.ico'], []
2015-08-04 06:49:10.703  INFO 52864 --- [main] o.s.s.web.DefaultSecurityFilterChain     : Creating filter chain: Ant [pattern='/error'], []
2015-08-04 06:49:10.734  INFO 52864 --- [main] o.s.s.web.DefaultSecurityFilterChain     : Creating filter chain: org.springframework.security.web.util.matcher.AnyRequestMatcher@1, [org.springframework.security.web.context.request.async.WebAsyncManagerIntegrationFilter@1b30b6f8, org.springframework.security.web.context.SecurityContextPersistenceFilter@7164e28a, org.springframework.security.web.header.HeaderWriterFilter@f472245, org.springframework.security.web.authentication.logout.LogoutFilter@5c81ddab, org.springframework.security.web.savedrequest.RequestCacheAwareFilter@51efdb72, org.springframework.security.web.servletapi.SecurityContextHolderAwareRequestFilter@2de07c57, org.springframework.security.web.authentication.AnonymousAuthenticationFilter@1e965426, org.springframework.security.web.session.SessionManagementFilter@2a2815cc, org.springframework.security.web.access.ExceptionTranslationFilter@794f937a, org.springframework.security.web.access.intercept.FilterSecurityInterceptor@78b2d29e]
2015-08-04 06:49:10.743  INFO 52864 --- [main] o.s.s.web.DefaultSecurityFilterChain     : Creating filter chain: OrRequestMatcher [requestMatchers=[Ant [pattern='/health'], Ant [pattern='/health/**'], Ant [pattern='/health.*'], Ant [pattern='/info'], Ant [pattern='/info/**'], Ant [pattern='/info.*'], Ant [pattern='/trace'], Ant [pattern='/trace/**'], Ant [pattern='/trace.*'], Ant [pattern='/dump'], Ant [pattern='/dump/**'], Ant [pattern='/dump.*'], Ant [pattern='/metrics'], Ant [pattern='/metrics/**'], Ant [pattern='/metrics.*'], Ant [pattern='/autoconfig'], Ant [pattern='/autoconfig/**'], Ant [pattern='/autoconfig.*'], Ant [pattern='/beans'], Ant [pattern='/beans/**'], Ant [pattern='/beans.*'], Ant [pattern='/configprops'], Ant [pattern='/configprops/**'], Ant [pattern='/configprops.*'], Ant [pattern='/env'], Ant [pattern='/env/**'], Ant [pattern='/env.*'], Ant [pattern='/mappings'], Ant [pattern='/mappings/**'], Ant [pattern='/mappings.*']]], [org.springframework.security.web.context.request.async.WebAsyncManagerIntegrationFilter@655f92a1, org.springframework.security.web.context.SecurityContextPersistenceFilter@64f613da, org.springframework.security.web.header.HeaderWriterFilter@515fff35, org.springframework.security.web.authentication.logout.LogoutFilter@123d0816, org.springframework.security.web.authentication.www.BasicAuthenticationFilter@43312512, org.springframework.security.web.savedrequest.RequestCacheAwareFilter@2f64f99f, org.springframework.security.web.servletapi.SecurityContextHolderAwareRequestFilter@16c1d11, org.springframework.security.web.authentication.AnonymousAuthenticationFilter@1d2d793d, org.springframework.security.web.session.SessionManagementFilter@5eb9bf7d, org.springframework.security.web.access.ExceptionTranslationFilter@7fa68ff4, org.springframework.security.web.access.intercept.FilterSecurityInterceptor@1be12e05]
2015-08-04 06:49:10.811  INFO 52864 --- [main] o.s.s.web.DefaultSecurityFilterChain     : Creating filter chain: org.springframework.boot.autoconfigure.security.SpringBootWebSecurityConfiguration$ApplicationNoWebSecurityConfigurerAdapter$1@2bb84aa5, [org.springframework.security.web.context.request.async.WebAsyncManagerIntegrationFilter@4853f592, org.springframework.security.web.context.SecurityContextPersistenceFilter@61f08aa9, org.springframework.security.web.header.HeaderWriterFilter@5a9ef32e, org.springframework.security.web.csrf.CsrfFilter@251e2f4a, org.springframework.security.web.authentication.logout.LogoutFilter@4e782401, org.springframework.security.web.savedrequest.RequestCacheAwareFilter@1a1f22f2, org.springframework.security.web.servletapi.SecurityContextHolderAwareRequestFilter@37b5a51c, org.springframework.security.web.authentication.AnonymousAuthenticationFilter@52d434c1, org.springframework.security.web.session.SessionManagementFilter@e2ee348, org.springframework.security.web.access.ExceptionTranslationFilter@6f5288c5]
2015-08-04 06:49:10.905  INFO 52864 --- [main] o.s.b.c.embedded.FilterRegistrationBean  : Mapping filter: 'metricFilter' to: [/*]
2015-08-04 06:49:10.906  INFO 52864 --- [main] o.s.b.c.embedded.FilterRegistrationBean  : Mapping filter: 'characterEncodingFilter' to: [/*]
2015-08-04 06:49:10.906  INFO 52864 --- [main] o.s.b.c.embedded.FilterRegistrationBean  : Mapping filter: 'hiddenHttpMethodFilter' to: [/*]
2015-08-04 06:49:10.906  INFO 52864 --- [main] o.s.b.c.embedded.FilterRegistrationBean  : Mapping filter: 'springSecurityFilterChain' to: [/*]
2015-08-04 06:49:10.906  INFO 52864 --- [main] o.s.b.c.embedded.FilterRegistrationBean  : Mapping filter: 'webRequestLoggingFilter' to: [/*]
2015-08-04 06:49:10.907  INFO 52864 --- [main] o.s.b.c.embedded.FilterRegistrationBean  : Mapping filter: 'oncePerRequestFilter' to: [/*]
2015-08-04 06:49:10.907  INFO 52864 --- [main] o.s.b.c.embedded.FilterRegistrationBean  : Mapping filter: 'applicationContextIdFilter' to: [/*]
2015-08-04 06:49:10.907  INFO 52864 --- [main] o.s.b.c.e.ServletRegistrationBean        : Mapping servlet: 'dispatcherServlet' to [/]
2015-08-04 06:49:11.065  INFO 52864 --- [main] o.e.jetty.server.handler.ContextHandler  : Started o.s.b.c.e.j.JettyEmbeddedWebAppContext@2eb03908{/,null,AVAILABLE}
2015-08-04 06:49:11.065  INFO 52864 --- [main] org.eclipse.jetty.server.Server          : Started @4793ms
2015-08-04 06:49:11.157  INFO 52864 --- [main] s.w.s.m.m.a.RequestMappingHandlerMapping : Mapped "{[/api/greeting],methods=[GET],produces=[application/json]}" onto public void tchepannou.archetypes.springboot.controller.GreetingController.greeting(java.lang.String)
2015-08-04 06:49:11.160  INFO 52864 --- [main] s.w.s.m.m.a.RequestMappingHandlerMapping : Mapped "{[/api-docs],methods=[GET]}" onto public org.springframework.http.ResponseEntity<com.wordnik.swagger.model.ResourceListing> com.mangofactory.swagger.controllers.DefaultSwaggerController.getResourceListing(java.lang.String)
2015-08-04 06:49:11.161  INFO 52864 --- [main] s.w.s.m.m.a.RequestMappingHandlerMapping : Mapped "{[/api-docs/{swaggerGroup}/{apiDeclaration}],methods=[GET]}" onto public org.springframework.http.ResponseEntity<com.wordnik.swagger.model.ApiListing> com.mangofactory.swagger.controllers.DefaultSwaggerController.getApiListing(java.lang.String,java.lang.String)
2015-08-04 06:49:11.162  INFO 52864 --- [main] s.w.s.m.m.a.RequestMappingHandlerMapping : Mapped "{[/error]}" onto public org.springframework.http.ResponseEntity<java.util.Map<java.lang.String, java.lang.Object>> org.springframework.boot.autoconfigure.web.BasicErrorController.error(javax.servlet.http.HttpServletRequest)
2015-08-04 06:49:11.162  INFO 52864 --- [main] s.w.s.m.m.a.RequestMappingHandlerMapping : Mapped "{[/error],produces=[text/html]}" onto public org.springframework.web.servlet.ModelAndView org.springframework.boot.autoconfigure.web.BasicErrorController.errorHtml(javax.servlet.http.HttpServletRequest)
2015-08-04 06:49:11.292  INFO 52864 --- [main] s.w.s.m.m.a.RequestMappingHandlerAdapter : Looking for @ControllerAdvice: org.springframework.boot.context.embedded.AnnotationConfigEmbeddedWebApplicationContext@2374d36a: startup date [Tue Aug 04 06:49:07 EDT 2015]; root of context hierarchy
2015-08-04 06:49:11.365  INFO 52864 --- [main] o.s.w.s.handler.SimpleUrlHandlerMapping  : Mapped URL path [/webjars/**] onto handler of type [class org.springframework.web.servlet.resource.ResourceHttpRequestHandler]
2015-08-04 06:49:11.365  INFO 52864 --- [main] o.s.w.s.handler.SimpleUrlHandlerMapping  : Mapped URL path [/**] onto handler of type [class org.springframework.web.servlet.resource.ResourceHttpRequestHandler]
2015-08-04 06:49:11.394  INFO 52864 --- [main] o.s.w.s.handler.SimpleUrlHandlerMapping  : Mapped URL path [/**/favicon.ico] onto handler of type [class org.springframework.web.servlet.resource.ResourceHttpRequestHandler]
2015-08-04 06:49:11.497  INFO 52864 --- [main] c.m.swagger.plugin.SwaggerPluginAdapter  : Context refreshed
2015-08-04 06:49:11.498  INFO 52864 --- [main] c.m.swagger.plugin.SwaggerPluginAdapter  : Found custom SwaggerSpringMvcPlugins
2015-08-04 06:49:11.498  INFO 52864 --- [main] c.m.swagger.plugin.SwaggerPluginAdapter  : initializing plugin bean customImplementation
2015-08-04 06:49:11.513  INFO 52864 --- [main] c.m.s.s.ApiListingReferenceScanner       : Scanning for api listing references
2015-08-04 06:49:11.513  INFO 52864 --- [main] c.m.s.s.ApiListingReferenceScanner       : RequestMappingInfo did not match any include patterns: | {[/health]}
2015-08-04 06:49:11.514  INFO 52864 --- [main] c.m.s.s.ApiListingReferenceScanner       : RequestMappingInfo did not match any include patterns: | {[/info],methods=[GET]}
2015-08-04 06:49:11.514  INFO 52864 --- [main] c.m.s.s.ApiListingReferenceScanner       : RequestMappingInfo did not match any include patterns: | {[/trace],methods=[GET]}
2015-08-04 06:49:11.514  INFO 52864 --- [main] c.m.s.s.ApiListingReferenceScanner       : RequestMappingInfo did not match any include patterns: | {[/dump],methods=[GET]}
2015-08-04 06:49:11.514  INFO 52864 --- [main] c.m.s.s.ApiListingReferenceScanner       : RequestMappingInfo did not match any include patterns: | {[/metrics/{name:.*}],methods=[GET]}
2015-08-04 06:49:11.514  INFO 52864 --- [main] c.m.s.s.ApiListingReferenceScanner       : RequestMappingInfo did not match any include patterns: | {[/metrics],methods=[GET]}
2015-08-04 06:49:11.514  INFO 52864 --- [main] c.m.s.s.ApiListingReferenceScanner       : RequestMappingInfo did not match any include patterns: | {[/autoconfig],methods=[GET]}
2015-08-04 06:49:11.514  INFO 52864 --- [main] c.m.s.s.ApiListingReferenceScanner       : RequestMappingInfo did not match any include patterns: | {[/beans],methods=[GET]}
2015-08-04 06:49:11.514  INFO 52864 --- [main] c.m.s.s.ApiListingReferenceScanner       : RequestMappingInfo did not match any include patterns: | {[/configprops],methods=[GET]}
2015-08-04 06:49:11.515  INFO 52864 --- [main] c.m.s.s.ApiListingReferenceScanner       : RequestMappingInfo did not match any include patterns: | {[/env/{name:.*}],methods=[GET]}
2015-08-04 06:49:11.515  INFO 52864 --- [main] c.m.s.s.ApiListingReferenceScanner       : RequestMappingInfo did not match any include patterns: | {[/env],methods=[GET]}
2015-08-04 06:49:11.516  INFO 52864 --- [main] c.m.s.s.ApiListingReferenceScanner       : RequestMappingInfo did not match any include patterns: | {[/mappings],methods=[GET]}
2015-08-04 06:49:11.520  INFO 52864 --- [main] c.m.s.s.ApiListingReferenceScanner       : Request mapping: greeting belongs to groups: [[ResourceGroup{groupName='greeting'}]] 
2015-08-04 06:49:11.521  INFO 52864 --- [main] c.m.s.s.ApiListingReferenceScanner       : Adding resource to group:ResourceGroup{groupName='greeting'} with description:Greeting for handler method:greeting
2015-08-04 06:49:11.521  INFO 52864 --- [main] c.m.s.s.ApiListingReferenceScanner       : Excluding method as it contains the excluded annotation: interface com.mangofactory.swagger.annotations.ApiIgnore
2015-08-04 06:49:11.521  INFO 52864 --- [main] c.m.s.s.ApiListingReferenceScanner       : Excluding method as it contains the excluded annotation: interface com.mangofactory.swagger.annotations.ApiIgnore
2015-08-04 06:49:11.521  INFO 52864 --- [main] c.m.s.s.ApiListingReferenceScanner       : RequestMappingInfo did not match any include patterns: | {[/error]}
2015-08-04 06:49:11.521  INFO 52864 --- [main] c.m.s.s.ApiListingReferenceScanner       : RequestMappingInfo did not match any include patterns: | {[/error],produces=[text/html]}
2015-08-04 06:49:11.529  INFO 52864 --- [main] c.m.s.s.ApiListingReferenceScanner       : Created resource listing Path: /default/greeting Description: greeting Position: 0
2015-08-04 06:49:11.821  INFO 52864 --- [main] c.m.s.core.SwaggerApiResourceListing     : Added a resource listing with (1) api resources: 
2015-08-04 06:49:11.822  INFO 52864 --- [main] c.m.s.core.SwaggerApiResourceListing     :   Greeting at location: /api-docs/default/greeting
2015-08-04 06:49:11.827  INFO 52864 --- [main] /                                        : Initializing Spring FrameworkServlet 'dispatcherServlet'
2015-08-04 06:49:11.827  INFO 52864 --- [main] o.s.web.servlet.DispatcherServlet        : FrameworkServlet 'dispatcherServlet': initialization started
2015-08-04 06:49:11.840  INFO 52864 --- [main] o.s.web.servlet.DispatcherServlet        : FrameworkServlet 'dispatcherServlet': initialization completed in 13 ms
2015-08-04 06:49:11.890  INFO 52864 --- [main] o.eclipse.jetty.server.ServerConnector   : Started ServerConnector@756b703d{HTTP/1.1}{0.0.0.0:8080}
2015-08-04 06:49:11.894  INFO 52864 --- [main] .s.b.c.e.j.JettyEmbeddedServletContainer : Jetty started on port(s) 8080 (http/1.1)
2015-08-04 06:49:11.899  INFO 52864 --- [main] t.a.springboot.controller.HealthCheckIT  : Started HealthCheckIT in 4.665 seconds (JVM running for 5.626)
2015-08-04 06:49:13.223  INFO 52864 --- [Thread-2] ationConfigEmbeddedWebApplicationContext : Closing org.springframework.boot.context.embedded.AnnotationConfigEmbeddedWebApplicationContext@2374d36a: startup date [Tue Aug 04 06:49:07 EDT 2015]; root of context hierarchy
2015-08-04 06:49:13.306  INFO 52864 --- [Thread-2] o.eclipse.jetty.server.ServerConnector   : Stopped ServerConnector@756b703d{HTTP/1.1}{0.0.0.0:8080}
2015-08-04 06:49:13.309  INFO 52864 --- [Thread-2] /                                        : Destroying Spring FrameworkServlet 'dispatcherServlet'
2015-08-04 06:49:13.309  INFO 52864 --- [Thread-2] o.e.jetty.server.handler.ContextHandler  : Stopped o.s.b.c.e.j.JettyEmbeddedWebAppContext@2eb03908{/,null,UNAVAILABLE}
2015-08-04 06:49:27.686 ERROR 53120 --- [main] o.s.b.l.LoggingApplicationListener       : Cannot set level: DEGUG for 'null'
2015-08-04 06:49:27.755  INFO 53120 --- [main] org.eclipse.jetty.util.log               : Logging initialized @1156ms
2015-08-04 06:49:27.795  INFO 53120 --- [main] t.a.springboot.controller.HealthCheckIT  : Starting HealthCheckIT on YULC02P60BLG3QN.sea.corp.expecn.com with PID 53120 (/Users/htchepannou/Perso/archetypes/springboot-rest/target/test-classes started by htchepannou in /Users/htchepannou/Perso/archetypes/springboot-rest)
2015-08-04 06:49:28.049  INFO 53120 --- [main] ationConfigEmbeddedWebApplicationContext : Refreshing org.springframework.boot.context.embedded.AnnotationConfigEmbeddedWebApplicationContext@2374d36a: startup date [Tue Aug 04 06:49:28 EDT 2015]; root of context hierarchy
2015-08-04 06:49:28.664  INFO 53120 --- [main] o.s.b.f.s.DefaultListableBeanFactory     : Overriding bean definition for bean 'beanNameViewResolver': replacing [Root bean: class [null]; scope=; abstract=false; lazyInit=false; autowireMode=3; dependencyCheck=0; autowireCandidate=true; primary=false; factoryBeanName=org.springframework.boot.autoconfigure.web.ErrorMvcAutoConfiguration$WhitelabelErrorViewConfiguration; factoryMethodName=beanNameViewResolver; initMethodName=null; destroyMethodName=(inferred); defined in class path resource [org/springframework/boot/autoconfigure/web/ErrorMvcAutoConfiguration$WhitelabelErrorViewConfiguration.class]] with [Root bean: class [null]; scope=; abstract=false; lazyInit=false; autowireMode=3; dependencyCheck=0; autowireCandidate=true; primary=false; factoryBeanName=org.springframework.boot.autoconfigure.web.WebMvcAutoConfiguration$WebMvcAutoConfigurationAdapter; factoryMethodName=beanNameViewResolver; initMethodName=null; destroyMethodName=(inferred); defined in class path resource [org/springframework/boot/autoconfigure/web/WebMvcAutoConfiguration$WebMvcAutoConfigurationAdapter.class]]
2015-08-04 06:49:28.702  INFO 53120 --- [main] o.s.b.f.s.DefaultListableBeanFactory     : Overriding bean definition for bean 'ignoredPathsWebSecurityConfigurerAdapter': replacing [Root bean: class [null]; scope=; abstract=false; lazyInit=false; autowireMode=3; dependencyCheck=0; autowireCandidate=true; primary=false; factoryBeanName=org.springframework.boot.autoconfigure.security.SpringBootWebSecurityConfiguration; factoryMethodName=ignoredPathsWebSecurityConfigurerAdapter; initMethodName=null; destroyMethodName=(inferred); defined in class path resource [org/springframework/boot/autoconfigure/security/SpringBootWebSecurityConfiguration.class]] with [Root bean: class [null]; scope=; abstract=false; lazyInit=false; autowireMode=3; dependencyCheck=0; autowireCandidate=true; primary=false; factoryBeanName=org.springframework.boot.actuate.autoconfigure.ManagementSecurityAutoConfiguration; factoryMethodName=ignoredPathsWebSecurityConfigurerAdapter; initMethodName=null; destroyMethodName=(inferred); defined in class path resource [org/springframework/boot/actuate/autoconfigure/ManagementSecurityAutoConfiguration.class]]
2015-08-04 06:49:29.201  INFO 53120 --- [main] trationDelegate$BeanPostProcessorChecker : Bean 'metricsConfig' of type [class tchepannou.archetypes.springboot.config.MetricsConfig$$EnhancerBySpringCGLIB$$3e609e19] is not eligible for getting processed by all BeanPostProcessors (for example: not eligible for auto-proxying)
2015-08-04 06:49:29.216  INFO 53120 --- [main] trationDelegate$BeanPostProcessorChecker : Bean 'org.springframework.transaction.annotation.ProxyTransactionManagementConfiguration' of type [class org.springframework.transaction.annotation.ProxyTransactionManagementConfiguration$$EnhancerBySpringCGLIB$$1ae09205] is not eligible for getting processed by all BeanPostProcessors (for example: not eligible for auto-proxying)
2015-08-04 06:49:29.234  INFO 53120 --- [main] trationDelegate$BeanPostProcessorChecker : Bean 'transactionAttributeSource' of type [class org.springframework.transaction.annotation.AnnotationTransactionAttributeSource] is not eligible for getting processed by all BeanPostProcessors (for example: not eligible for auto-proxying)
2015-08-04 06:49:29.242  INFO 53120 --- [main] trationDelegate$BeanPostProcessorChecker : Bean 'transactionInterceptor' of type [class org.springframework.transaction.interceptor.TransactionInterceptor] is not eligible for getting processed by all BeanPostProcessors (for example: not eligible for auto-proxying)
2015-08-04 06:49:29.248  INFO 53120 --- [main] trationDelegate$BeanPostProcessorChecker : Bean 'org.springframework.transaction.config.internalTransactionAdvisor' of type [class org.springframework.transaction.interceptor.BeanFactoryTransactionAttributeSourceAdvisor] is not eligible for getting processed by all BeanPostProcessors (for example: not eligible for auto-proxying)
2015-08-04 06:49:29.254  INFO 53120 --- [main] trationDelegate$BeanPostProcessorChecker : Bean 'com.ryantenney.metrics.spring.config.annotation.DelegatingMetricsConfiguration' of type [class com.ryantenney.metrics.spring.config.annotation.DelegatingMetricsConfiguration$$EnhancerBySpringCGLIB$$7cab8740] is not eligible for getting processed by all BeanPostProcessors (for example: not eligible for auto-proxying)
2015-08-04 06:49:29.334  INFO 53120 --- [main] trationDelegate$BeanPostProcessorChecker : Bean 'getMetricRegistry' of type [class com.codahale.metrics.MetricRegistry] is not eligible for getting processed by all BeanPostProcessors (for example: not eligible for auto-proxying)
2015-08-04 06:49:29.363  INFO 53120 --- [main] trationDelegate$BeanPostProcessorChecker : Bean 'getHealthCheckRegistry' of type [class com.codahale.metrics.health.HealthCheckRegistry] is not eligible for getting processed by all BeanPostProcessors (for example: not eligible for auto-proxying)
2015-08-04 06:49:29.631  INFO 53120 --- [main] e.j.JettyEmbeddedServletContainerFactory : Server initialized with port: 8081
2015-08-04 06:49:29.635  INFO 53120 --- [main] org.eclipse.jetty.server.Server          : jetty-9.2.10.v20150310
2015-08-04 06:49:29.743  INFO 53120 --- [main] /                                        : Initializing Spring embedded WebApplicationContext
2015-08-04 06:49:29.743  INFO 53120 --- [main] o.s.web.context.ContextLoader            : Root WebApplicationContext: initialization completed in 1696 ms
2015-08-04 06:49:30.827  INFO 53120 --- [main] o.s.b.a.e.mvc.EndpointHandlerMapping     : Mapped "{[/dump],methods=[GET]}" onto public java.lang.Object org.springframework.boot.actuate.endpoint.mvc.EndpointMvcAdapter.invoke()
2015-08-04 06:49:30.827  INFO 53120 --- [main] o.s.b.a.e.mvc.EndpointHandlerMapping     : Mapped "{[/trace],methods=[GET]}" onto public java.lang.Object org.springframework.boot.actuate.endpoint.mvc.EndpointMvcAdapter.invoke()
2015-08-04 06:49:30.828  INFO 53120 --- [main] o.s.b.a.e.mvc.EndpointHandlerMapping     : Mapped "{[/metrics/{name:.*}],methods=[GET]}" onto public java.lang.Object org.springframework.boot.actuate.endpoint.mvc.MetricsMvcEndpoint.value(java.lang.String)
2015-08-04 06:49:30.828  INFO 53120 --- [main] o.s.b.a.e.mvc.EndpointHandlerMapping     : Mapped "{[/metrics],methods=[GET]}" onto public java.lang.Object org.springframework.boot.actuate.endpoint.mvc.EndpointMvcAdapter.invoke()
2015-08-04 06:49:30.828  INFO 53120 --- [main] o.s.b.a.e.mvc.EndpointHandlerMapping     : Mapped "{[/beans],methods=[GET]}" onto public java.lang.Object org.springframework.boot.actuate.endpoint.mvc.EndpointMvcAdapter.invoke()
2015-08-04 06:49:30.828  INFO 53120 --- [main] o.s.b.a.e.mvc.EndpointHandlerMapping     : Mapped "{[/configprops],methods=[GET]}" onto public java.lang.Object org.springframework.boot.actuate.endpoint.mvc.EndpointMvcAdapter.invoke()
2015-08-04 06:49:30.829  INFO 53120 --- [main] o.s.b.a.e.mvc.EndpointHandlerMapping     : Mapped "{[/health]}" onto public java.lang.Object org.springframework.boot.actuate.endpoint.mvc.HealthMvcEndpoint.invoke(java.security.Principal)
2015-08-04 06:49:30.829  INFO 53120 --- [main] o.s.b.a.e.mvc.EndpointHandlerMapping     : Mapped "{[/mappings],methods=[GET]}" onto public java.lang.Object org.springframework.boot.actuate.endpoint.mvc.EndpointMvcAdapter.invoke()
2015-08-04 06:49:30.829  INFO 53120 --- [main] o.s.b.a.e.mvc.EndpointHandlerMapping     : Mapped "{[/env/{name:.*}],methods=[GET]}" onto public java.lang.Object org.springframework.boot.actuate.endpoint.mvc.EnvironmentMvcEndpoint.value(java.lang.String)
2015-08-04 06:49:30.830  INFO 53120 --- [main] o.s.b.a.e.mvc.EndpointHandlerMapping     : Mapped "{[/env],methods=[GET]}" onto public java.lang.Object org.springframework.boot.actuate.endpoint.mvc.EndpointMvcAdapter.invoke()
2015-08-04 06:49:30.830  INFO 53120 --- [main] o.s.b.a.e.mvc.EndpointHandlerMapping     : Mapped "{[/autoconfig],methods=[GET]}" onto public java.lang.Object org.springframework.boot.actuate.endpoint.mvc.EndpointMvcAdapter.invoke()
2015-08-04 06:49:30.830  INFO 53120 --- [main] o.s.b.a.e.mvc.EndpointHandlerMapping     : Mapped "{[/info],methods=[GET]}" onto public java.lang.Object org.springframework.boot.actuate.endpoint.mvc.EndpointMvcAdapter.invoke()
2015-08-04 06:49:30.921  INFO 53120 --- [main] b.a.s.AuthenticationManagerConfiguration : 

Using default security password: fbf5e554-752b-4e49-8a7f-a41ac4ec0ee8

2015-08-04 06:49:30.981  INFO 53120 --- [main] o.s.s.web.DefaultSecurityFilterChain     : Creating filter chain: Ant [pattern='/css/**'], []
2015-08-04 06:49:30.981  INFO 53120 --- [main] o.s.s.web.DefaultSecurityFilterChain     : Creating filter chain: Ant [pattern='/js/**'], []
2015-08-04 06:49:30.981  INFO 53120 --- [main] o.s.s.web.DefaultSecurityFilterChain     : Creating filter chain: Ant [pattern='/images/**'], []
2015-08-04 06:49:30.981  INFO 53120 --- [main] o.s.s.web.DefaultSecurityFilterChain     : Creating filter chain: Ant [pattern='/**/favicon.ico'], []
2015-08-04 06:49:30.981  INFO 53120 --- [main] o.s.s.web.DefaultSecurityFilterChain     : Creating filter chain: Ant [pattern='/error'], []
2015-08-04 06:49:31.012  INFO 53120 --- [main] o.s.s.web.DefaultSecurityFilterChain     : Creating filter chain: org.springframework.security.web.util.matcher.AnyRequestMatcher@1, [org.springframework.security.web.context.request.async.WebAsyncManagerIntegrationFilter@7dbbf730, org.springframework.security.web.context.SecurityContextPersistenceFilter@7164e28a, org.springframework.security.web.header.HeaderWriterFilter@f472245, org.springframework.security.web.authentication.logout.LogoutFilter@7fe0ca60, org.springframework.security.web.savedrequest.RequestCacheAwareFilter@51efdb72, org.springframework.security.web.servletapi.SecurityContextHolderAwareRequestFilter@2de07c57, org.springframework.security.web.authentication.AnonymousAuthenticationFilter@7c4a5ef2, org.springframework.security.web.session.SessionManagementFilter@2a2815cc, org.springframework.security.web.access.ExceptionTranslationFilter@794f937a, org.springframework.security.web.access.intercept.FilterSecurityInterceptor@149238fe]
2015-08-04 06:49:31.020  INFO 53120 --- [main] o.s.s.web.DefaultSecurityFilterChain     : Creating filter chain: OrRequestMatcher [requestMatchers=[Ant [pattern='/health'], Ant [pattern='/health/**'], Ant [pattern='/health.*'], Ant [pattern='/info'], Ant [pattern='/info/**'], Ant [pattern='/info.*'], Ant [pattern='/dump'], Ant [pattern='/dump/**'], Ant [pattern='/dump.*'], Ant [pattern='/trace'], Ant [pattern='/trace/**'], Ant [pattern='/trace.*'], Ant [pattern='/metrics'], Ant [pattern='/metrics/**'], Ant [pattern='/metrics.*'], Ant [pattern='/beans'], Ant [pattern='/beans/**'], Ant [pattern='/beans.*'], Ant [pattern='/configprops'], Ant [pattern='/configprops/**'], Ant [pattern='/configprops.*'], Ant [pattern='/mappings'], Ant [pattern='/mappings/**'], Ant [pattern='/mappings.*'], Ant [pattern='/env'], Ant [pattern='/env/**'], Ant [pattern='/env.*'], Ant [pattern='/autoconfig'], Ant [pattern='/autoconfig/**'], Ant [pattern='/autoconfig.*']]], [org.springframework.security.web.context.request.async.WebAsyncManagerIntegrationFilter@618e7761, org.springframework.security.web.context.SecurityContextPersistenceFilter@57ed8f95, org.springframework.security.web.header.HeaderWriterFilter@1e033801, org.springframework.security.web.authentication.logout.LogoutFilter@66ab088c, org.springframework.security.web.authentication.www.BasicAuthenticationFilter@37ab1b10, org.springframework.security.web.savedrequest.RequestCacheAwareFilter@1c25deb0, org.springframework.security.web.servletapi.SecurityContextHolderAwareRequestFilter@1be12e05, org.springframework.security.web.authentication.AnonymousAuthenticationFilter@5b643d6e, org.springframework.security.web.session.SessionManagementFilter@58e4aa67, org.springframework.security.web.access.ExceptionTranslationFilter@5543d800, org.springframework.security.web.access.intercept.FilterSecurityInterceptor@7a2fd94c]
2015-08-04 06:49:31.089  INFO 53120 --- [main] o.s.s.web.DefaultSecurityFilterChain     : Creating filter chain: org.springframework.boot.autoconfigure.security.SpringBootWebSecurityConfiguration$ApplicationNoWebSecurityConfigurerAdapter$1@24a807a9, [org.springframework.security.web.context.request.async.WebAsyncManagerIntegrationFilter@aca594d, org.springframework.security.web.context.SecurityContextPersistenceFilter@10ae002e, org.springframework.security.web.header.HeaderWriterFilter@3407ded1, org.springframework.security.web.csrf.CsrfFilter@4853f592, org.springframework.security.web.authentication.logout.LogoutFilter@44e7c06b, org.springframework.security.web.savedrequest.RequestCacheAwareFilter@573f2e67, org.springframework.security.web.servletapi.SecurityContextHolderAwareRequestFilter@5d449307, org.springframework.security.web.authentication.AnonymousAuthenticationFilter@736f2fb8, org.springframework.security.web.session.SessionManagementFilter@63af52a6, org.springframework.security.web.access.ExceptionTranslationFilter@5d035ab6]
2015-08-04 06:49:31.209  INFO 53120 --- [main] o.s.b.c.embedded.FilterRegistrationBean  : Mapping filter: 'metricFilter' to: [/*]
2015-08-04 06:49:31.209  INFO 53120 --- [main] o.s.b.c.embedded.FilterRegistrationBean  : Mapping filter: 'characterEncodingFilter' to: [/*]
2015-08-04 06:49:31.210  INFO 53120 --- [main] o.s.b.c.embedded.FilterRegistrationBean  : Mapping filter: 'hiddenHttpMethodFilter' to: [/*]
2015-08-04 06:49:31.210  INFO 53120 --- [main] o.s.b.c.embedded.FilterRegistrationBean  : Mapping filter: 'springSecurityFilterChain' to: [/*]
2015-08-04 06:49:31.211  INFO 53120 --- [main] o.s.b.c.embedded.FilterRegistrationBean  : Mapping filter: 'webRequestLoggingFilter' to: [/*]
2015-08-04 06:49:31.211  INFO 53120 --- [main] o.s.b.c.embedded.FilterRegistrationBean  : Mapping filter: 'oncePerRequestFilter' to: [/*]
2015-08-04 06:49:31.212  INFO 53120 --- [main] o.s.b.c.embedded.FilterRegistrationBean  : Mapping filter: 'applicationContextIdFilter' to: [/*]
2015-08-04 06:49:31.212  INFO 53120 --- [main] o.s.b.c.e.ServletRegistrationBean        : Mapping servlet: 'dispatcherServlet' to [/]
2015-08-04 06:49:31.459  INFO 53120 --- [main] o.e.jetty.server.handler.ContextHandler  : Started o.s.b.c.e.j.JettyEmbeddedWebAppContext@357e7113{/,null,AVAILABLE}
2015-08-04 06:49:31.460  INFO 53120 --- [main] org.eclipse.jetty.server.Server          : Started @4863ms
2015-08-04 06:49:31.639  INFO 53120 --- [main] s.w.s.m.m.a.RequestMappingHandlerMapping : Mapped "{[/api/greeting],methods=[GET],produces=[application/json]}" onto public void tchepannou.archetypes.springboot.controller.GreetingController.greeting(java.lang.String)
2015-08-04 06:49:31.647  INFO 53120 --- [main] s.w.s.m.m.a.RequestMappingHandlerMapping : Mapped "{[/api-docs],methods=[GET]}" onto public org.springframework.http.ResponseEntity<com.wordnik.swagger.model.ResourceListing> com.mangofactory.swagger.controllers.DefaultSwaggerController.getResourceListing(java.lang.String)
2015-08-04 06:49:31.649  INFO 53120 --- [main] s.w.s.m.m.a.RequestMappingHandlerMapping : Mapped "{[/api-docs/{swaggerGroup}/{apiDeclaration}],methods=[GET]}" onto public org.springframework.http.ResponseEntity<com.wordnik.swagger.model.ApiListing> com.mangofactory.swagger.controllers.DefaultSwaggerController.getApiListing(java.lang.String,java.lang.String)
2015-08-04 06:49:31.652  INFO 53120 --- [main] s.w.s.m.m.a.RequestMappingHandlerMapping : Mapped "{[/error]}" onto public org.springframework.http.ResponseEntity<java.util.Map<java.lang.String, java.lang.Object>> org.springframework.boot.autoconfigure.web.BasicErrorController.error(javax.servlet.http.HttpServletRequest)
2015-08-04 06:49:31.653  INFO 53120 --- [main] s.w.s.m.m.a.RequestMappingHandlerMapping : Mapped "{[/error],produces=[text/html]}" onto public org.springframework.web.servlet.ModelAndView org.springframework.boot.autoconfigure.web.BasicErrorController.errorHtml(javax.servlet.http.HttpServletRequest)
2015-08-04 06:49:31.872  INFO 53120 --- [main] s.w.s.m.m.a.RequestMappingHandlerAdapter : Looking for @ControllerAdvice: org.springframework.boot.context.embedded.AnnotationConfigEmbeddedWebApplicationContext@2374d36a: startup date [Tue Aug 04 06:49:28 EDT 2015]; root of context hierarchy
2015-08-04 06:49:31.949  INFO 53120 --- [main] o.s.w.s.handler.SimpleUrlHandlerMapping  : Mapped URL path [/webjars/**] onto handler of type [class org.springframework.web.servlet.resource.ResourceHttpRequestHandler]
2015-08-04 06:49:31.949  INFO 53120 --- [main] o.s.w.s.handler.SimpleUrlHandlerMapping  : Mapped URL path [/**] onto handler of type [class org.springframework.web.servlet.resource.ResourceHttpRequestHandler]
2015-08-04 06:49:31.980  INFO 53120 --- [main] o.s.w.s.handler.SimpleUrlHandlerMapping  : Mapped URL path [/**/favicon.ico] onto handler of type [class org.springframework.web.servlet.resource.ResourceHttpRequestHandler]
2015-08-04 06:49:32.088  INFO 53120 --- [main] c.m.swagger.plugin.SwaggerPluginAdapter  : Context refreshed
2015-08-04 06:49:32.088  INFO 53120 --- [main] c.m.swagger.plugin.SwaggerPluginAdapter  : Found custom SwaggerSpringMvcPlugins
2015-08-04 06:49:32.088  INFO 53120 --- [main] c.m.swagger.plugin.SwaggerPluginAdapter  : initializing plugin bean customImplementation
2015-08-04 06:49:32.102  INFO 53120 --- [main] c.m.s.s.ApiListingReferenceScanner       : Scanning for api listing references
2015-08-04 06:49:32.102  INFO 53120 --- [main] c.m.s.s.ApiListingReferenceScanner       : RequestMappingInfo did not match any include patterns: | {[/dump],methods=[GET]}
2015-08-04 06:49:32.102  INFO 53120 --- [main] c.m.s.s.ApiListingReferenceScanner       : RequestMappingInfo did not match any include patterns: | {[/trace],methods=[GET]}
2015-08-04 06:49:32.103  INFO 53120 --- [main] c.m.s.s.ApiListingReferenceScanner       : RequestMappingInfo did not match any include patterns: | {[/metrics/{name:.*}],methods=[GET]}
2015-08-04 06:49:32.103  INFO 53120 --- [main] c.m.s.s.ApiListingReferenceScanner       : RequestMappingInfo did not match any include patterns: | {[/metrics],methods=[GET]}
2015-08-04 06:49:32.103  INFO 53120 --- [main] c.m.s.s.ApiListingReferenceScanner       : RequestMappingInfo did not match any include patterns: | {[/beans],methods=[GET]}
2015-08-04 06:49:32.103  INFO 53120 --- [main] c.m.s.s.ApiListingReferenceScanner       : RequestMappingInfo did not match any include patterns: | {[/configprops],methods=[GET]}
2015-08-04 06:49:32.103  INFO 53120 --- [main] c.m.s.s.ApiListingReferenceScanner       : RequestMappingInfo did not match any include patterns: | {[/health]}
2015-08-04 06:49:32.103  INFO 53120 --- [main] c.m.s.s.ApiListingReferenceScanner       : RequestMappingInfo did not match any include patterns: | {[/mappings],methods=[GET]}
2015-08-04 06:49:32.103  INFO 53120 --- [main] c.m.s.s.ApiListingReferenceScanner       : RequestMappingInfo did not match any include patterns: | {[/env/{name:.*}],methods=[GET]}
2015-08-04 06:49:32.104  INFO 53120 --- [main] c.m.s.s.ApiListingReferenceScanner       : RequestMappingInfo did not match any include patterns: | {[/env],methods=[GET]}
2015-08-04 06:49:32.104  INFO 53120 --- [main] c.m.s.s.ApiListingReferenceScanner       : RequestMappingInfo did not match any include patterns: | {[/autoconfig],methods=[GET]}
2015-08-04 06:49:32.105  INFO 53120 --- [main] c.m.s.s.ApiListingReferenceScanner       : RequestMappingInfo did not match any include patterns: | {[/info],methods=[GET]}
2015-08-04 06:49:32.109  INFO 53120 --- [main] c.m.s.s.ApiListingReferenceScanner       : Request mapping: greeting belongs to groups: [[ResourceGroup{groupName='greeting'}]] 
2015-08-04 06:49:32.109  INFO 53120 --- [main] c.m.s.s.ApiListingReferenceScanner       : Adding resource to group:ResourceGroup{groupName='greeting'} with description:Greeting for handler method:greeting
2015-08-04 06:49:32.109  INFO 53120 --- [main] c.m.s.s.ApiListingReferenceScanner       : Excluding method as it contains the excluded annotation: interface com.mangofactory.swagger.annotations.ApiIgnore
2015-08-04 06:49:32.109  INFO 53120 --- [main] c.m.s.s.ApiListingReferenceScanner       : Excluding method as it contains the excluded annotation: interface com.mangofactory.swagger.annotations.ApiIgnore
2015-08-04 06:49:32.110  INFO 53120 --- [main] c.m.s.s.ApiListingReferenceScanner       : RequestMappingInfo did not match any include patterns: | {[/error]}
2015-08-04 06:49:32.110  INFO 53120 --- [main] c.m.s.s.ApiListingReferenceScanner       : RequestMappingInfo did not match any include patterns: | {[/error],produces=[text/html]}
2015-08-04 06:49:32.116  INFO 53120 --- [main] c.m.s.s.ApiListingReferenceScanner       : Created resource listing Path: /default/greeting Description: greeting Position: 0
2015-08-04 06:49:32.404  INFO 53120 --- [main] c.m.s.core.SwaggerApiResourceListing     : Added a resource listing with (1) api resources: 
2015-08-04 06:49:32.404  INFO 53120 --- [main] c.m.s.core.SwaggerApiResourceListing     :   Greeting at location: /api-docs/default/greeting
2015-08-04 06:49:32.408  INFO 53120 --- [main] /                                        : Initializing Spring FrameworkServlet 'dispatcherServlet'
2015-08-04 06:49:32.408  INFO 53120 --- [main] o.s.web.servlet.DispatcherServlet        : FrameworkServlet 'dispatcherServlet': initialization started
2015-08-04 06:49:32.420  INFO 53120 --- [main] o.s.web.servlet.DispatcherServlet        : FrameworkServlet 'dispatcherServlet': initialization completed in 12 ms
2015-08-04 06:49:32.469  INFO 53120 --- [main] o.eclipse.jetty.server.ServerConnector   : Started ServerConnector@484dde7d{HTTP/1.1}{0.0.0.0:8081}
2015-08-04 06:49:32.474  INFO 53120 --- [main] .s.b.c.e.j.JettyEmbeddedServletContainer : Jetty started on port(s) 8081 (http/1.1)
2015-08-04 06:49:32.480  INFO 53120 --- [main] t.a.springboot.controller.HealthCheckIT  : Started HealthCheckIT in 4.941 seconds (JVM running for 5.882)
2015-08-04 06:49:33.826  INFO 53120 --- [Thread-2] ationConfigEmbeddedWebApplicationContext : Closing org.springframework.boot.context.embedded.AnnotationConfigEmbeddedWebApplicationContext@2374d36a: startup date [Tue Aug 04 06:49:28 EDT 2015]; root of context hierarchy
2015-08-04 06:49:33.894  INFO 53120 --- [Thread-2] o.eclipse.jetty.server.ServerConnector   : Stopped ServerConnector@484dde7d{HTTP/1.1}{0.0.0.0:8081}
2015-08-04 06:49:33.897  INFO 53120 --- [Thread-2] /                                        : Destroying Spring FrameworkServlet 'dispatcherServlet'
2015-08-04 06:49:33.897  INFO 53120 --- [Thread-2] o.e.jetty.server.handler.ContextHandler  : Stopped o.s.b.c.e.j.JettyEmbeddedWebAppContext@357e7113{/,null,UNAVAILABLE}
